0 info it worked if it ends with ok
1 verbose cli [ '/usr/bin/node', '/usr/bin/npm', 'run', 'test' ]
2 info using npm@3.10.10
3 info using node@v6.17.1
4 verbose run-script [ 'pretest', 'test', 'posttest' ]
5 info lifecycle simple-reactjs-app@0.1.0~pretest: simple-reactjs-app@0.1.0
6 silly lifecycle simple-reactjs-app@0.1.0~pretest: no script for pretest, continuing
7 info lifecycle simple-reactjs-app@0.1.0~test: simple-reactjs-app@0.1.0
8 verbose lifecycle simple-reactjs-app@0.1.0~test: unsafe-perm in lifecycle true
9 verbose lifecycle simple-reactjs-app@0.1.0~test: PATH: /usr/lib/node_modules/npm/bin/node-gyp-bin:/root/docker/frontend/node_modules/.bin:/usr/java/jdk1.8.0_171-amd64/bin:/usr/java/jdk1.8.0_171-amd64/bin:/usr/local/bin:/usr/local/sbin:/usr/bin:/usr/sbin:/bin:/sbin:/root/bin
10 verbose lifecycle simple-reactjs-app@0.1.0~test: CWD: /root/docker/frontend
11 silly lifecycle simple-reactjs-app@0.1.0~test: Args: [ '-c', 'react-scripts test --env=jsdom' ]
12 silly lifecycle simple-reactjs-app@0.1.0~test: Returned: code: 1  signal: null
13 info lifecycle simple-reactjs-app@0.1.0~test: Failed to exec test script
14 verbose stack Error: simple-reactjs-app@0.1.0 test: `react-scripts test --env=jsdom`
14 verbose stack Exit status 1
14 verbose stack     at EventEmitter.<anonymous> (/usr/lib/node_modules/npm/lib/utils/lifecycle.js:255:16)
14 verbose stack     at emitTwo (events.js:106:13)
14 verbose stack     at EventEmitter.emit (events.js:191:7)
14 verbose stack     at ChildProcess.<anonymous> (/usr/lib/node_modules/npm/lib/utils/spawn.js:40:14)
14 verbose stack     at emitTwo (events.js:106:13)
14 verbose stack     at ChildProcess.emit (events.js:191:7)
14 verbose stack     at maybeClose (internal/child_process.js:920:16)
14 verbose stack     at Process.ChildProcess._handle.onexit (internal/child_process.js:230:5)
15 verbose pkgid simple-reactjs-app@0.1.0
16 verbose cwd /root/docker/frontend
17 error Linux 3.10.0-862.el7.x86_64
18 error argv "/usr/bin/node" "/usr/bin/npm" "run" "test"
19 error node v6.17.1
20 error npm  v3.10.10
21 error code ELIFECYCLE
22 error simple-reactjs-app@0.1.0 test: `react-scripts test --env=jsdom`
22 error Exit status 1
23 error Failed at the simple-reactjs-app@0.1.0 test script 'react-scripts test --env=jsdom'.
23 error Make sure you have the latest version of node.js and npm installed.
23 error If you do, this is most likely a problem with the simple-reactjs-app package,
23 error not with npm itself.
23 error Tell the author that this fails on your system:
23 error     react-scripts test --env=jsdom
23 error You can get information on how to open an issue for this project with:
23 error     npm bugs simple-reactjs-app
23 error Or if that isn't available, you can get their info via:
23 error     npm owner ls simple-reactjs-app
23 error There is likely additional logging output above.
24 verbose exit [ 1, true ]
